  main.cpp
c:\users\patrik\desktop\nistatus\nistatus\MyForm.h(33): warning C4305: 'initializing': truncation from 'double' to 'float'
c:\users\patrik\desktop\nistatus\nistatus\MyForm.h(1262): warning C4244: '=': conversion from 'unsigned int' to 'float', possible loss of data
c:\users\patrik\desktop\nistatus\nistatus\MyForm.h(1267): warning C4244: '=': conversion from 'int' to 'float', possible loss of data
c:\users\patrik\desktop\nistatus\nistatus\MyForm.h(1371): warning C4244: '=': conversion from 'unsigned int' to 'float', possible loss of data
c:\users\patrik\desktop\nistatus\nistatus\MyForm.h(1401): warning C4244: '=': conversion from 'int' to 'float', possible loss of data
c:\users\patrik\desktop\nistatus\nistatus\MyForm.h(1403): warning C4244: '=': conversion from 'int' to 'float', possible loss of data
c:\users\patrik\desktop\nistatus\nistatus\MyForm.h(1405): warning C4244: '=': conversion from 'double' to 'float', possible loss of data
c:\users\patrik\desktop\nistatus\nistatus\MyForm.h(1408): warning C4244: '=': conversion from 'double' to 'float', possible loss of data
c:\users\patrik\desktop\nistatus\nistatus\MyForm.h(1411): warning C4244: '=': conversion from 'double' to 'float', possible loss of data
c:\users\patrik\desktop\nistatus\nistatus\MyForm.h(1413): warning C4244: '=': conversion from 'double' to 'float', possible loss of data
c:\users\patrik\desktop\nistatus\nistatus\MyForm.h(1420): warning C4244: '=': conversion from 'int' to 'float', possible loss of data
c:\users\patrik\desktop\nistatus\nistatus\MyForm.h(1423): warning C4244: '=': conversion from 'int' to 'float', possible loss of data
c:\users\patrik\desktop\nistatus\nistatus\MyForm.h(1427): warning C4244: '=': conversion from 'int' to 'float', possible loss of data
c:\users\patrik\desktop\nistatus\nistatus\MyForm.h(1465): warning C4996: 'fopen': This function or variable may be unsafe. Consider using fopen_s instead. To disable deprecation, use _CRT_SECURE_NO_WARNINGS. See online help for details.
  C:\Program Files (x86)\Windows Kits\10\Include\10.0.15063.0\ucrt\stdio.h(207): note: see declaration of 'fopen'
c:\users\patrik\desktop\nistatus\nistatus\MyForm.h(1479): warning C4996: 'fopen': This function or variable may be unsafe. Consider using fopen_s instead. To disable deprecation, use _CRT_SECURE_NO_WARNINGS. See online help for details.
  C:\Program Files (x86)\Windows Kits\10\Include\10.0.15063.0\ucrt\stdio.h(207): note: see declaration of 'fopen'
c:\users\patrik\desktop\nistatus\nistatus\MyForm.h(1480): warning C4477: 'fprintf' : format string '%lf' requires an argument of type 'double', but variadic argument 1 has type 'INT32'
c:\users\patrik\desktop\nistatus\nistatus\MyForm.h(1488): warning C4996: 'fopen': This function or variable may be unsafe. Consider using fopen_s instead. To disable deprecation, use _CRT_SECURE_NO_WARNINGS. See online help for details.
  C:\Program Files (x86)\Windows Kits\10\Include\10.0.15063.0\ucrt\stdio.h(207): note: see declaration of 'fopen'
c:\users\patrik\desktop\nistatus\nistatus\MyForm.h(1489): warning C4996: 'fopen': This function or variable may be unsafe. Consider using fopen_s instead. To disable deprecation, use _CRT_SECURE_NO_WARNINGS. See online help for details.
  C:\Program Files (x86)\Windows Kits\10\Include\10.0.15063.0\ucrt\stdio.h(207): note: see declaration of 'fopen'
main.cpp(9): warning C4829: Possibly incorrect parameters to function main. Consider 'int main(Platform::Array<Platform::String^>^ argv)'
  NiStatus.vcxproj -> C:\Users\Patrik\Desktop\NiStatus\Release\NiStatus.exe
